<?xml version="1.0" encoding="UTF-8"?>
<!-- Generated by org.testng.reporters.JUnitReportReporter -->
<testsuite hostname="NAG1-LHP-N76216" failures="0" tests="2" name="Pack_TestNg.Anno_Test" time="0.004" errors="0" timestamp="2022-08-12T12:26:36 IST" skipped="0">
  <testcase classname="Pack_TestNg.Anno_Test" name="VerifyLogout" time="0.003"/>
  <system-out/>
  <testcase classname="Pack_TestNg.Anno_Test" name="VerifyLogin" time="0.001"/>
  <system-out/>
</testsuite> <!-- Pack_TestNg.Anno_Test -->
