<?xml version="1.0" encoding="UTF-8"?>
<!-- Generated by org.testng.reporters.JUnitReportReporter -->
<testsuite hostname="NAG1-LHP-N76216" failures="0" tests="1" name="Pack_TestNg.Anno_Test2" time="0.003" errors="0" timestamp="2022-08-12T11:49:13 IST" skipped="0">
  <testcase classname="Pack_TestNg.Anno_Test2" name="VerifyEcho" time="0.003"/>
  <system-out/>
</testsuite> <!-- Pack_TestNg.Anno_Test2 -->
