<?xml version="1.0" encoding="UTF-8"?>
<!-- Generated by org.testng.reporters.JUnitReportReporter -->
<testsuite hostname="NAG1-LHP-N76216" failures="0" tests="1" name="Com.Automation.Test.Sum" time="0.018" errors="0" timestamp="2022-08-16T10:38:27 IST" skipped="0">
  <testcase classname="Com.Automation.Test.Sum" name="add" time="0.018"/>
  <system-out/>
</testsuite> <!-- Com.Automation.Test.Sum -->
